<?xml version="1.0" encoding="UTF-8"?>
<!-- Generated by org.testng.reporters.JUnitReportReporter -->
<testsuite hostname="USHYDBSAI1" failures="0" tests="1" name="kreator.TestComponents.LogingAndConnectionTest" time="45.263" errors="0" timestamp="2023-02-14T21:20:25 IST" skipped="0">
  <testcase classname="kreator.TestComponents.LogingAndConnectionTest" name="LogingAndConnection" time="45.263"/>
  <system-out/>
</testsuite> <!-- kreator.TestComponents.LogingAndConnectionTest -->
