<?xml version="1.0" encoding="UTF-8"?>
<!-- Generated by org.testng.reporters.JUnitReportReporter -->
<testsuite hostname="USHYDBSAI1" failures="0" tests="1" name="kreator.TestComponents.LoginAndConnectionTest" time="102.609" errors="0" timestamp="2023-02-15T13:48:00 IST" skipped="0">
  <testcase classname="kreator.TestComponents.LoginAndConnectionTest" name="LoginAndConnection" time="102.609"/>
  <system-out/>
</testsuite> <!-- kreator.TestComponents.LoginAndConnectionTest -->
